[debug] [2022-01-20T15:46:58.428Z] ----------------------------------------------------------------------
[debug] [2022-01-20T15:46:58.430Z] Command:       C:\Program Files\nodejs\node.exe C:\Users\genri\AppData\Roaming\npm\node_modules\firebase-tools\lib\bin\firebase.js emulators:start --only functions
[debug] [2022-01-20T15:46:58.431Z] CLI Version:   10.1.1
[debug] [2022-01-20T15:46:58.431Z] Platform:      win32
[debug] [2022-01-20T15:46:58.432Z] Node Version:  v16.13.1
[debug] [2022-01-20T15:46:58.433Z] Time:          Thu Jan 20 2022 22:46:58 GMT+0700 (Western Indonesia Time)
[debug] [2022-01-20T15:46:58.433Z] ----------------------------------------------------------------------
[debug] 
[debug] [2022-01-20T15:46:58.519Z] > command requires scopes: ["email","openid","https://www.googleapis.com/auth/cloudplatformprojects.readonly","https://www.googleapis.com/auth/firebase","https://www.googleapis.com/auth/cloud-platform"]
[debug] [2022-01-20T15:46:58.519Z] > authorizing via signed-in user (genrico189@gmail.com)
[info] i  emulators: Starting emulators: functions {"metadata":{"emulator":{"name":"hub"},"message":"Starting emulators: functions"}}
[debug] [2022-01-20T15:46:58.559Z] [hub] writing locator at C:\Users\genri\AppData\Local\Temp\hub-mealstogo-9e1ef.json
[warn] !  functions: The following emulators are not running, calls to these services from the Functions emulator will affect production: auth, firestore, database, hosting, pubsub, storage {"metadata":{"emulator":{"name":"functions"},"message":"The following emulators are not running, calls to these services from the Functions emulator will affect production: \u001b[1mauth, firestore, database, hosting, pubsub, storage\u001b[22m"}}
[info] +  functions: Using node@16 from host. {"metadata":{"emulator":{"name":"functions"},"message":"Using node@16 from host."}}
[warn] !  Your requested "node" version "16" doesn't match your global version "16" {"metadata":{"emulator":{"name":"functions"},"message":"Your requested \"node\" version \"16\" doesn't match your global version \"16\""}}
[debug] [2022-01-20T15:46:58.585Z] defaultcredentials: writing to file C:\Users\genri\AppData\Roaming\firebase\genrico189_gmail_com_application_default_credentials.json
[debug] [2022-01-20T15:46:58.586Z] Setting GAC to C:\Users\genri\AppData\Roaming\firebase\genrico189_gmail_com_application_default_credentials.json {"metadata":{"emulator":{"name":"functions"},"message":"Setting GAC to C:\\Users\\genri\\AppData\\Roaming\\firebase\\genrico189_gmail_com_application_default_credentials.json"}}
[debug] [2022-01-20T15:46:58.589Z] >>> [apiv2][query] GET https://firebase.googleapis.com/v1beta1/projects/mealstogo-9e1ef/adminSdkConfig [none]
[debug] [2022-01-20T15:46:59.207Z] <<< [apiv2][status] GET https://firebase.googleapis.com/v1beta1/projects/mealstogo-9e1ef/adminSdkConfig 200
[debug] [2022-01-20T15:46:59.207Z] <<< [apiv2][body] GET https://firebase.googleapis.com/v1beta1/projects/mealstogo-9e1ef/adminSdkConfig {"projectId":"mealstogo-9e1ef","storageBucket":"mealstogo-9e1ef.appspot.com"}
[debug] [2022-01-20T15:46:59.259Z] Ignoring unsupported arg: auto_download {"metadata":{"emulator":{"name":"ui"},"message":"Ignoring unsupported arg: auto_download"}}
[debug] [2022-01-20T15:46:59.259Z] Ignoring unsupported arg: port {"metadata":{"emulator":{"name":"ui"},"message":"Ignoring unsupported arg: port"}}
[debug] [2022-01-20T15:46:59.259Z] Starting Emulator UI with command {"binary":"node","args":["C:\\Users\\genri\\.cache\\firebase\\emulators\\ui-v1.6.4\\server.bundle.js"],"optionalArgs":[],"joinArgs":false} {"metadata":{"emulator":{"name":"ui"},"message":"Starting Emulator UI with command {\"binary\":\"node\",\"args\":[\"C:\\\\Users\\\\genri\\\\.cache\\\\firebase\\\\emulators\\\\ui-v1.6.4\\\\server.bundle.js\"],\"optionalArgs\":[],\"joinArgs\":false}"}}
[info] i  ui: Emulator UI logging to ui-debug.log {"metadata":{"emulator":{"name":"ui"},"message":"Emulator UI logging to \u001b[1mui-debug.log\u001b[22m"}}
[debug] [2022-01-20T15:46:59.433Z] Web / API server started at localhost:4000
 {"metadata":{"emulator":{"name":"ui"},"message":"Web / API server started at localhost:4000\n"}}
[info] i  functions: Watching "D:\Yummy Corp - Engineer Trainee\Practice\ReactNative\projects\MealsToGo\functions" for Cloud Functions... {"metadata":{"emulator":{"name":"functions"},"message":"Watching \"D:\\Yummy Corp - Engineer Trainee\\Practice\\ReactNative\\projects\\MealsToGo\\functions\" for Cloud Functions..."}}
[debug] [2022-01-20T15:46:59.542Z] [worker-pool] addWorker(~diagnostic~) {"metadata":{"emulator":{"name":"functions"},"message":"[worker-pool] addWorker(~diagnostic~)"}}
[debug] [2022-01-20T15:46:59.542Z] [worker-pool] Adding worker with key ~diagnostic~, total=1 {"metadata":{"emulator":{"name":"functions"},"message":"[worker-pool] Adding worker with key ~diagnostic~, total=1"}}
[debug] [2022-01-20T15:46:59.543Z] [worker-pool] submitWork(triggerId=) {"metadata":{"emulator":{"name":"functions"},"message":"[worker-pool] submitWork(triggerId=)"}}
[debug] [2022-01-20T15:46:59.543Z] [worker-~diagnostic~-37f4b484-c908-4ef8-865c-8e8fc3f68de2]: Assigning socketPath: \\?\pipe\D:\Yummy Corp - Engineer Trainee\Practice\ReactNative\projects\MealsToGo\functions\2888 {"metadata":{"emulator":{"name":"functions"},"message":"[worker-~diagnostic~-37f4b484-c908-4ef8-865c-8e8fc3f68de2]: Assigning socketPath: \\\\?\\pipe\\D:\\Yummy Corp - Engineer Trainee\\Practice\\ReactNative\\projects\\MealsToGo\\functions\\2888"}}
[debug] [2022-01-20T15:46:59.544Z] [worker-~diagnostic~-37f4b484-c908-4ef8-865c-8e8fc3f68de2]: BUSY {"metadata":{"emulator":{"name":"functions"},"message":"[worker-~diagnostic~-37f4b484-c908-4ef8-865c-8e8fc3f68de2]: BUSY"}}
